Using pre-set license
Built from '2020.2/release' branch; Version is '2020.2.2f1 (068178b99f32) revision 426360'; Using compiler version '192528614'; Build Type 'Release'
OS: 'Windows 10 Home; OS build 19042.985; Version 2009; 64bit' Language: 'ja' Physical Memory: 65479 MB
BatchMode: 1, IsHumanControllingUs: 0, StartBugReporterOnCrash: 0, Is64bit: 1, IsPro: 0

 COMMAND LINE ARGUMENTS:
C:\Program Files\Unity\Hub\Editor\2020.2.2f1\Editor\Unity.exe
-adb2
-batchMode
-noUpm
-name
AssetImportWorker0
-projectPath
D:/授業教材/unityKadaiCheckProgramPlus/kadaiCheckProgram
-logFile
Logs/AssetImportWorker0.log
-srvPort
55462
Successfully changed project path to: D:/授業教材/unityKadaiCheckProgramPlus/kadaiCheckProgram
D:/授業教材/unityKadaiCheckProgramPlus/kadaiCheckProgram
Using Asset Import Pipeline V2.
Refreshing native plugins compatible for Editor in 42.38 ms, found 1 plugins.
Preloading 0 native plugins for Editor in 0.00 ms.
Initialize engine version: 2020.2.2f1 (068178b99f32)
[Subsystems] Discovering subsystems at path C:/Program Files/Unity/Hub/Editor/2020.2.2f1/Editor/Data/Resources/UnitySubsystems
[Subsystems] Discovering subsystems at path D:/授業教材/unityKadaiCheckProgramPlus/kadaiCheckProgram/Assets
GfxDevice: creating device client; threaded=0
Direct3D:
    Version:  Direct3D 11.0 [level 11.1]
    Renderer: NVIDIA GeForce RTX 2080 (ID=0x1ed0)
    Vendor:   
    VRAM:     8010 MB
    Driver:   27.21.14.6230
Initialize mono
Mono path[0] = 'C:/Program Files/Unity/Hub/Editor/2020.2.2f1/Editor/Data/Managed'
Mono path[1] = 'C:/Program Files/Unity/Hub/Editor/2020.2.2f1/Editor/Data/MonoBleedingEdge/lib/mono/unityjit'
Mono config path = 'C:/Program Files/Unity/Hub/Editor/2020.2.2f1/Editor/Data/MonoBleedingEdge/etc'
Using monoOptions --debugger-agent=transport=dt_socket,embedding=1,server=y,suspend=n,address=127.0.0.1:56544
Begin MonoManager ReloadAssembly
Registering precompiled unity dll's ...
Register platform support module: C:/Program Files/Unity/Hub/Editor/2020.2.2f1/Editor/Data/PlaybackEngines/WindowsStandaloneSupport/UnityEditor.WindowsStandalone.Extensions.dll
Registered in 0.002056 seconds.
Native extension for WindowsStandalone target not found
Refreshing native plugins compatible for Editor in 36.19 ms, found 1 plugins.
Preloading 0 native plugins for Editor in 0.00 ms.
Invoked RoslynAnalysisRunner static constructor.
RoslynAnalysisRunner will not be running.
RoslynAnalysisRunner has terminated.
Mono: successfully reloaded assembly
- Completed reload, in  1.196 seconds
Platform modules already initialized, skipping
Registering precompiled user dll's ...
Registered in 0.000852 seconds.
Begin MonoManager ReloadAssembly
Native extension for WindowsStandalone target not found
Refreshing native plugins compatible for Editor in 40.47 ms, found 1 plugins.
Preloading 0 native plugins for Editor in 0.00 ms.
Invoked RoslynAnalysisRunner static constructor.
RoslynAnalysisRunner will not be running.
RoslynAnalysisRunner has terminated.
Mono: successfully reloaded assembly
- Completed reload, in  0.881 seconds
Platform modules already initialized, skipping
========================================================================
Worker process is ready to serve import requests
Launched and connected shader compiler UnityShaderCompiler.exe after 0.05 seconds
Refreshing native plugins compatible for Editor in 0.34 ms, found 1 plugins.
Preloading 0 native plugins for Editor in 0.00 ms.
Unloading 2019 Unused Serialized files (Serialized files now loaded: 0)
System memory in use before: 93.3 MB.
System memory in use after: 93.4 MB.

Unloading 20 unused Assets to reduce memory usage. Loaded Objects now: 2465.
Total: 1.946400 ms (FindLiveObjects: 0.183300 ms CreateObjectMapping: 0.073600 ms MarkObjects: 1.627500 ms  DeleteObjects: 0.061000 ms)

========================================================================
Received Import Request.
  path: Assets/Scripts/FileUpLoad.cs
  artifactKey: Guid(6477f358d5431a140be340901ebb9c7d) Importer(815301076,1909f56bfc062723c751e8b465ee728b)
Start importing Assets/Scripts/FileUpLoad.cs using Guid(6477f358d5431a140be340901ebb9c7d) Importer(815301076,1909f56bfc062723c751e8b465ee728b)  -> (artifact id: '80636cb93f097bb78354caaa42954eaf') in 0.019148 seconds
  Import took 0.022374 seconds .

========================================================================
Received Prepare
Refreshing native plugins compatible for Editor in 1.54 ms, found 1 plugins.
Preloading 0 native plugins for Editor in 0.00 ms.
Unloading 7 Unused Serialized files (Serialized files now loaded: 0)
System memory in use before: 53.3 MB.
System memory in use after: 53.5 MB.

Unloading 6 unused Assets to reduce memory usage. Loaded Objects now: 2465.
Total: 2.401100 ms (FindLiveObjects: 0.230700 ms CreateObjectMapping: 0.097700 ms MarkObjects: 2.050700 ms  DeleteObjects: 0.020800 ms)

========================================================================
Received Prepare
Registering precompiled user dll's ...
Registered in 0.000819 seconds.
Begin MonoManager ReloadAssembly
Native extension for WindowsStandalone target not found
Refreshing native plugins compatible for Editor in 0.34 ms, found 1 plugins.
Preloading 0 native plugins for Editor in 0.00 ms.
Invoked RoslynAnalysisRunner static constructor.
RoslynAnalysisRunner will not be running.
RoslynAnalysisRunner has terminated.
Mono: successfully reloaded assembly
- Completed reload, in  0.898 seconds
Platform modules already initialized, skipping
Refreshing native plugins compatible for Editor in 0.34 ms, found 1 plugins.
Preloading 0 native plugins for Editor in 0.00 ms.
Unloading 2010 Unused Serialized files (Serialized files now loaded: 0)
System memory in use before: 93.2 MB.
System memory in use after: 93.3 MB.

Unloading 9 unused Assets to reduce memory usage. Loaded Objects now: 2467.
Total: 1.789800 ms (FindLiveObjects: 0.201300 ms CreateObjectMapping: 0.073200 ms MarkObjects: 1.500200 ms  DeleteObjects: 0.013900 ms)

========================================================================
Received Prepare
Refreshing native plugins compatible for Editor in 1.23 ms, found 1 plugins.
Preloading 0 native plugins for Editor in 0.00 ms.
Unloading 7 Unused Serialized files (Serialized files now loaded: 0)
System memory in use before: 53.7 MB.
System memory in use after: 53.8 MB.

Unloading 6 unused Assets to reduce memory usage. Loaded Objects now: 2467.
Total: 1.764000 ms (FindLiveObjects: 0.204900 ms CreateObjectMapping: 0.080100 ms MarkObjects: 1.467600 ms  DeleteObjects: 0.010200 ms)

========================================================================
Received Prepare
Registering precompiled user dll's ...
Registered in 0.001084 seconds.
Begin MonoManager ReloadAssembly
Native extension for WindowsStandalone target not found
Refreshing native plugins compatible for Editor in 0.35 ms, found 1 plugins.
Preloading 0 native plugins for Editor in 0.00 ms.
Invoked RoslynAnalysisRunner static constructor.
RoslynAnalysisRunner will not be running.
RoslynAnalysisRunner has terminated.
Mono: successfully reloaded assembly
- Completed reload, in  0.900 seconds
Platform modules already initialized, skipping
Refreshing native plugins compatible for Editor in 0.35 ms, found 1 plugins.
Preloading 0 native plugins for Editor in 0.00 ms.
Unloading 2010 Unused Serialized files (Serialized files now loaded: 0)
System memory in use before: 93.4 MB.
System memory in use after: 93.5 MB.

Unloading 9 unused Assets to reduce memory usage. Loaded Objects now: 2469.
Total: 1.833500 ms (FindLiveObjects: 0.191800 ms CreateObjectMapping: 0.072800 ms MarkObjects: 1.553700 ms  DeleteObjects: 0.014300 ms)

AssetImportWorkerClient::OnTransportError - code=2 error=End of file
